android/app/build/intermediates/manifest_merge_blame_file/debug/processDebugMainManifest/manifest-merger-blame-debug-report.txt
1<?xml version="1.0" encoding="utf-8"?>
2<manifest xmlns:android="http://schemas.android.com/apk/res/android"
3    package="com.cirspvp.launcher"
4    android:versionCode="1"
5    android:versionName="1.0" >
6
7    <uses-sdk
8        android:minSdkVersion="23"
9        android:targetSdkVersion="35" />
10
11    <application
11-->src/main/AndroidManifest.xml:4:5-20:19
12        android:allowBackup="true"
12-->src/main/AndroidManifest.xml:7:9-35
13        android:debuggable="true"
14        android:extractNativeLibs="false"
15        android:label="CirsPVP Launcher"
15-->src/main/AndroidManifest.xml:6:9-41
16        android:theme="@style/AppTheme" >
16-->src/main/AndroidManifest.xml:5:9-40
17        <activity
17-->src/main/AndroidManifest.xml:9:9-18:20
18            android:name="com.cirspvp.launcher.MainActivity"
18-->src/main/AndroidManifest.xml:10:13-41
19            android:exported="true" >
19-->src/main/AndroidManifest.xml:11:13-36
20            <intent-filter>
20-->src/main/AndroidManifest.xml:13:13-16:29
21                <action android:name="android.intent.action.MAIN" />
21-->src/main/AndroidManifest.xml:14:17-69
21-->src/main/AndroidManifest.xml:14:25-66
22
23                <category android:name="android.intent.category.LAUNCHER" />
23-->src/main/AndroidManifest.xml:15:17-77
23-->src/main/AndroidManifest.xml:15:27-74
24            </intent-filter>
25        </activity>
26    </application>
27
28</manifest>